# JRE version: Java(TM) SE Runtime Environment (21.0.6+8) (build 21.0.6+8-LTS-188)
# Java VM: Java HotSpot(TM) 64-Bit Server VM (21.0.6+8-LTS-188, mixed mode, sharing, tiered, compressed oops, compressed class ptrs, g1 gc, windows-amd64)
GC Precious Log:
 CardTable entry size: 512
 Card Set container configuration: InlinePtr #cards 5 size 8 Array Of Cards #cards 12 size 40 Howl #buckets 4 coarsen threshold 1843 Howl Bitmap #cards 512 size 80 coarsen threshold 460 Card regions per heap region 1 cards per card region 2048
 CPUs: 12 total, 12 available
 Memory: 16052M
 Large Page Support: Disabled
 NUMA Support: Disabled
 Compressed Oops: Enabled (32-bit)
 Heap Region Size: 1M
 Heap Min Capacity: 8M
 Heap Initial Capacity: 252M
 Heap Max Capacity: 512M
 Pre-touch: Disabled
 Parallel Workers: 10
 Concurrent Workers: 3
 Concurrent Refinement Workers: 10
 Periodic GC: Disabled
Heap:
 garbage-first heap   total 258048K, used 74157K [0x00000000e0000000, 0x0000000100000000)
  region size 1024K, 62 young (63488K), 19 survivors (19456K)
 Metaspace       used 21177K, committed 21504K, reserved 1114112K
  class space    used 2169K, committed 2304K, reserved 1048576K
GC Heap History (10 events):
Event: 0.929 GC heap before
{Heap before GC invocations=0 (full 0):
 garbage-first heap   total 258048K, used 23552K [0x00000000e0000000, 0x0000000100000000)
  region size 1024K, 23 young (23552K), 0 survivors (0K)
 Metaspace       used 4106K, committed 4224K, reserved 1114112K
  class space    used 364K, committed 448K, reserved 1048576K
}
Event: 0.933 GC heap after
{Heap after GC invocations=1 (full 0):
 garbage-first heap   total 258048K, used 9528K [0x00000000e0000000, 0x0000000100000000)
  region size 1024K, 3 young (3072K), 3 survivors (3072K)
 Metaspace       used 4106K, committed 4224K, reserved 1114112K
  class space    used 364K, committed 448K, reserved 1048576K
}
Event: 1.422 GC heap before
{Heap before GC invocations=1 (full 0):
 garbage-first heap   total 258048K, used 33080K [0x00000000e0000000, 0x0000000100000000)
  region size 1024K, 26 young (26624K), 3 survivors (3072K)
 Metaspace       used 8042K, committed 8256K, reserved 1114112K
  class space    used 712K, committed 832K, reserved 1048576K
}
Event: 1.426 GC heap after
{Heap after GC invocations=2 (full 0):
 garbage-first heap   total 258048K, used 12250K [0x00000000e0000000, 0x0000000100000000)
  region size 1024K, 3 young (3072K), 3 survivors (3072K)
 Metaspace       used 8042K, committed 8256K, reserved 1114112K
  class space    used 712K, committed 832K, reserved 1048576K
}
Event: 2.344 GC heap before
{Heap before GC invocations=2 (full 0):
 garbage-first heap   total 258048K, used 57306K [0x00000000e0000000, 0x0000000100000000)
  region size 1024K, 48 young (49152K), 3 survivors (3072K)
 Metaspace       used 12469K, committed 12736K, reserved 1114112K
  class space    used 1212K, committed 1280K, reserved 1048576K
}
Event: 2.349 GC heap after
{Heap after GC invocations=3 (full 0):
 garbage-first heap   total 258048K, used 15650K [0x00000000e0000000, 0x0000000100000000)
  region size 1024K, 6 young (6144K), 6 survivors (6144K)
 Metaspace       used 12469K, committed 12736K, reserved 1114112K
  class space    used 1212K, committed 1280K, reserved 1048576K
}
Event: 3.794 GC heap before
{Heap before GC invocations=3 (full 0):
 garbage-first heap   total 258048K, used 104738K [0x00000000e0000000, 0x0000000100000000)
  region size 1024K, 93 young (95232K), 6 survivors (6144K)
 Metaspace       used 16869K, committed 17216K, reserved 1114112K
  class space    used 1777K, committed 1920K, reserved 1048576K
}
Event: 3.801 GC heap after
{Heap after GC invocations=4 (full 0):
 garbage-first heap   total 258048K, used 21368K [0x00000000e0000000, 0x0000000100000000)
  region size 1024K, 12 young (12288K), 12 survivors (12288K)
 Metaspace       used 16869K, committed 17216K, reserved 1114112K
  class space    used 1777K, committed 1920K, reserved 1048576K
}
Event: 4.855 GC heap before
{Heap before GC invocations=4 (full 0):
 garbage-first heap   total 258048K, used 163704K [0x00000000e0000000, 0x0000000100000000)
  region size 1024K, 151 young (154624K), 12 survivors (12288K)
 Metaspace       used 20143K, committed 20416K, reserved 1114112K
  class space    used 2063K, committed 2176K, reserved 1048576K
}
Event: 4.865 GC heap after
{Heap after GC invocations=5 (full 0):
 garbage-first heap   total 258048K, used 31149K [0x00000000e0000000, 0x0000000100000000)
  region size 1024K, 19 young (19456K), 19 survivors (19456K)
 Metaspace       used 20143K, committed 20416K, reserved 1114112K
  class space    used 2063K, committed 2176K, reserved 1048576K
}

